<?xml version="1.0" encoding="UTF-8"?>
<!-- Generated by org.testng.reporters.JUnitReportReporter -->
<testsuite skipped="0" hostname="IBM641-PC0GJ3FQ" name="DataProvider.HC_NonProd_Overview_Verify" tests="1" failures="0" timestamp="11 Feb 2019 10:19:37 GMT" time="73.497" errors="0">
  <testcase name="verify_TRANSITION_DS_ALL" time="73.497" classname="DataProvider.HC_NonProd_Overview_Verify"/>
</testsuite> <!-- DataProvider.HC_NonProd_Overview_Verify -->
