<?xml version="1.0" encoding="UTF-8"?>
<!-- Generated by org.testng.reporters.JUnitReportReporter -->
<testsuite skipped="0" hostname="IBM641-PC0GJ3FQ" name="WebVerification.HCOverview" tests="5" failures="0" timestamp="12 Feb 2019 14:29:30 GMT" time="495.706" errors="0">
  <testcase name="generate" time="0.224" classname="WebVerification.HCOverview"/>
  <testcase name="create" time="33.430" classname="WebVerification.HCOverview"/>
  <testcase name="upload" time="13.513" classname="WebVerification.HCOverview"/>
  <testcase name="execute" time="178.495" classname="WebVerification.HCOverview"/>
  <testcase name="pageVerify" time="270.044" classname="WebVerification.HCOverview"/>
</testsuite> <!-- WebVerification.HCOverview -->
