<?xml version="1.0" encoding="UTF-8"?>
<!-- Generated by org.testng.reporters.JUnitReportReporter -->
<testsuite skipped="0" hostname="IBM641-PC0GJ3FQ" name="WebVerification.HC_App_AUCU_Overview_GACDW_Verify" tests="2" failures="0" timestamp="21 May 2019 14:03:40 GMT" time="110.271" errors="0">
  <testcase name="gacdwgenerate" time="76.313" classname="WebVerification.HC_App_AUCU_Overview_GACDW_Verify"/>
  <testcase name="aucuGenerate" time="33.958" classname="WebVerification.HC_App_AUCU_Overview_GACDW_Verify"/>
</testsuite> <!-- WebVerification.HC_App_AUCU_Overview_GACDW_Verify -->
