<?xml version="1.0" encoding="UTF-8"?>
<!-- Generated by org.testng.reporters.JUnitReportReporter -->
<testsuite skipped="0" hostname="IBM641-PC0GJ3FQ" name="DataProvider.HC_Customer_NonProd_GACDW" tests="1" failures="0" timestamp="17 May 2019 09:14:18 GMT" time="74.140" errors="0">
  <testcase name="verify_SingleIOT_IMT" time="74.140" classname="DataProvider.HC_Customer_NonProd_GACDW"/>
</testsuite> <!-- DataProvider.HC_Customer_NonProd_GACDW -->
