<?xml version="1.0" encoding="UTF-8"?>
<!-- Generated by org.testng.reporters.JUnitReportReporter -->
<testsuite skipped="0" hostname="IBM641-PC0GJ3FQ" name="DataProvider.HC_NonProd_Verify" tests="1" failures="0" timestamp="16 Oct 2018 11:16:06 GMT" time="58.228" errors="0">
  <testcase name="verify_All_IMT" time="58.228" classname="DataProvider.HC_NonProd_Verify"/>
</testsuite> <!-- DataProvider.HC_NonProd_Verify -->
