<?xml version="1.0" encoding="UTF-8"?>
<!-- Generated by org.testng.reporters.JUnitReportReporter -->
<testsuite skipped="0" hostname="IBM641-PC0GJ3FQ" name="DataProvider.HC_App_AUCU_Overview_Verify" tests="1" failures="0" timestamp="21 May 2019 08:26:25 GMT" time="54.338" errors="0">
  <testcase name="verify_IMT_DS_STO" time="54.338" classname="DataProvider.HC_App_AUCU_Overview_Verify"/>
</testsuite> <!-- DataProvider.HC_App_AUCU_Overview_Verify -->
