<?xml version="1.0" encoding="UTF-8"?>
<!-- Generated by org.testng.reporters.JUnitReportReporter -->
<testsuite skipped="0" hostname="IBM641-PC0GJ3FQ" name="DataProvider.HC_APP_Overview_NonProduction" tests="1" failures="0" timestamp="11 Feb 2019 07:49:06 GMT" time="62.021" errors="0">
  <testcase name="verify_DEPLOYMENT_DS_STO" time="62.021" classname="DataProvider.HC_APP_Overview_NonProduction"/>
</testsuite> <!-- DataProvider.HC_APP_Overview_NonProduction -->
