<?xml version="1.0" encoding="UTF-8"?>
<!-- Generated by org.testng.reporters.JUnitReportReporter -->
<testsuite skipped="0" hostname="IBM641-PC0GJ3FQ" name="DataProvider.HC_APP_IOT_IMT_Country_NonProd_Verify" tests="1" failures="0" timestamp="12 Feb 2019 14:01:02 GMT" time="53.059" errors="0">
  <testcase name="verify_All_IMT" time="53.059" classname="DataProvider.HC_APP_IOT_IMT_Country_NonProd_Verify"/>
</testsuite> <!-- DataProvider.HC_APP_IOT_IMT_Country_NonProd_Verify -->
