<?xml version="1.0" encoding="UTF-8"?>
<!-- Generated by org.testng.reporters.JUnitReportReporter -->
<testsuite skipped="0" hostname="IBM641-PC0GJ3FQ" name="DataProvider.Top_Findings_IMT_Country_TEMD" tests="1" failures="0" timestamp="15 May 2019 08:43:58 GMT" time="82.691" errors="0">
  <testcase name="Top_SER_TRA_ALL" time="82.691" classname="DataProvider.Top_Findings_IMT_Country_TEMD"/>
</testsuite> <!-- DataProvider.Top_Findings_IMT_Country_TEMD -->
