<?xml version="1.0" encoding="UTF-8"?>
<!-- Generated by org.testng.reporters.JUnitReportReporter -->
<testsuite skipped="0" hostname="IBM641-PC0GJ3FQ" name="DataProvider.HCAppOverview_verify" tests="1" failures="0" timestamp="12 Feb 2019 07:56:12 GMT" time="66.197" errors="0">
  <testcase name="verify_Storage_Devices" time="66.197" classname="DataProvider.HCAppOverview_verify"/>
</testsuite> <!-- DataProvider.HCAppOverview_verify -->
