<?xml version="1.0" encoding="UTF-8"?>
<!-- Generated by org.testng.reporters.JUnitReportReporter -->
<testsuite skipped="0" hostname="IBM641-PC0GJ3FQ" name="DataProvider.HCOverview_Verify" tests="1" failures="0" timestamp="12 Feb 2019 12:52:44 GMT" time="58.553" errors="0">
  <testcase name="verify_Storage_Devices" time="58.553" classname="DataProvider.HCOverview_Verify"/>
</testsuite> <!-- DataProvider.HCOverview_Verify -->
